<?xml version="1.0" encoding="UTF-8"?>
<!-- Generated by org.testng.reporters.JUnitXMLReporter -->
<testsuite ignored="1" hostname="DESKTOP-IETAUSP" failures="0" tests="2" name="Test" time="18.73" errors="0" timestamp="2025-04-26T16:03:24 IST">
  <testcase classname="testCases.TC001_AccountRegistrationTest" name="verfiy_account_resgistration" time="4.23"/>
  <testcase classname="testCases.TC002_LoginTest" name="verify_login" time="3.168"/>
  <testcase classname="testCases.TC003_LoginDDT" name="verify_LoginDDT" time="0.0">
    <ignored/>
  </testcase> <!-- verify_LoginDDT -->
</testsuite> <!-- Test -->
