<?xml version="1.0" encoding="UTF-8"?>
<testng-results ignored="0" total="2" passed="2" failed="0" skipped="0">
  <reporter-output>
  </reporter-output>
  <suite started-at="2025-04-27T19:29:30 IST" name="Suite" finished-at="2025-04-27T19:29:46 IST" duration-ms="16038">
    <groups>
      <group name="Master">
        <method signature="TC001_AccountRegistrationTest.verfiy_account_resgistration()[pri:0, instance:testCases.TC001_AccountRegistrationTest@a4add54]" name="verfiy_account_resgistration" class="testCases.TC001_AccountRegistrationTest"/>
        <method signature="TC002_LoginTest.verify_login()[pri:0, instance:testCases.TC002_LoginTest@c9d0d6]" name="verify_login" class="testCases.TC002_LoginTest"/>
      </group> <!-- Master -->
      <group name="Sanity">
        <method signature="TC002_LoginTest.verify_login()[pri:0, instance:testCases.TC002_LoginTest@c9d0d6]" name="verify_login" class="testCases.TC002_LoginTest"/>
      </group> <!-- Sanity -->
      <group name="Regression">
        <method signature="TC001_AccountRegistrationTest.verfiy_account_resgistration()[pri:0, instance:testCases.TC001_AccountRegistrationTest@a4add54]" name="verfiy_account_resgistration" class="testCases.TC001_AccountRegistrationTest"/>
      </group> <!-- Regression -->
    </groups>
    <test started-at="2025-04-27T19:29:30 IST" name="Test" finished-at="2025-04-27T19:29:46 IST" duration-ms="16038">
      <class name="testCases.TC002_LoginTest">
        <test-method is-config="true" signature="setUp(java.lang.String,java.lang.String)[pri:0, instance:testCases.TC002_LoginTest@c9d0d6]" started-at="2025-04-27T19:29:39 IST" name="setUp" finished-at="2025-04-27T19:29:44 IST" duration-ms="5047" status="PASS">
          <params>
            <param index="0">
              <value>
                <![CDATA[Windows]]>
              </value>
            </param>
            <param index="1">
              <value>
                <![CDATA[chrome]]>
              </value>
            </param>
          </params>
          <reporter-output>
          </reporter-output>
        </test-method> <!-- setUp -->
        <test-method signature="verify_login()[pri:0, instance:testCases.TC002_LoginTest@c9d0d6]" started-at="2025-04-27T19:29:44 IST" name="verify_login" finished-at="2025-04-27T19:29:46 IST" duration-ms="2391" status="PASS">
          <reporter-output>
          </reporter-output>
        </test-method> <!-- verify_login -->
        <test-method is-config="true" signature="tearDown()[pri:0, instance:testCases.TC002_LoginTest@c9d0d6]" started-at="2025-04-27T19:29:46 IST" name="tearDown" finished-at="2025-04-27T19:29:46 IST" duration-ms="173" status="PASS">
          <reporter-output>
          </reporter-output>
        </test-method> <!-- tearDown -->
      </class> <!-- testCases.TC002_LoginTest -->
      <class name="testCases.TC001_AccountRegistrationTest">
        <test-method is-config="true" signature="setUp(java.lang.String,java.lang.String)[pri:0, instance:testCases.TC001_AccountRegistrationTest@a4add54]" started-at="2025-04-27T19:29:31 IST" name="setUp" finished-at="2025-04-27T19:29:34 IST" duration-ms="3342" status="PASS">
          <params>
            <param index="0">
              <value>
                <![CDATA[Windows]]>
              </value>
            </param>
            <param index="1">
              <value>
                <![CDATA[chrome]]>
              </value>
            </param>
          </params>
          <reporter-output>
          </reporter-output>
        </test-method> <!-- setUp -->
        <test-method signature="verfiy_account_resgistration()[pri:0, instance:testCases.TC001_AccountRegistrationTest@a4add54]" started-at="2025-04-27T19:29:34 IST" name="verfiy_account_resgistration" finished-at="2025-04-27T19:29:39 IST" duration-ms="4644" status="PASS">
          <reporter-output>
          </reporter-output>
        </test-method> <!-- verfiy_account_resgistration -->
        <test-method is-config="true" signature="tearDown()[pri:0, instance:testCases.TC001_AccountRegistrationTest@a4add54]" started-at="2025-04-27T19:29:39 IST" name="tearDown" finished-at="2025-04-27T19:29:39 IST" duration-ms="192" status="PASS">
          <reporter-output>
          </reporter-output>
        </test-method> <!-- tearDown -->
      </class> <!-- testCases.TC001_AccountRegistrationTest -->
    </test> <!-- Test -->
  </suite> <!-- Suite -->
</testng-results>
