<?xml version="1.0" encoding="UTF-8"?>
<testng-results ignored="0" total="2" passed="2" failed="0" skipped="0">
  <reporter-output>
  </reporter-output>
  <suite started-at="2025-04-28T08:48:50 IST" name="Suite" finished-at="2025-04-28T08:49:03 IST" duration-ms="13018">
    <groups>
      <group name="Master">
        <method signature="TC001_AccountRegistrationTest.verfiy_account_resgistration()[pri:0, instance:testCases.TC001_AccountRegistrationTest@5812f68b]" name="verfiy_account_resgistration" class="testCases.TC001_AccountRegistrationTest"/>
        <method signature="TC002_LoginTest.verify_login()[pri:0, instance:testCases.TC002_LoginTest@336f1079]" name="verify_login" class="testCases.TC002_LoginTest"/>
      </group> <!-- Master -->
      <group name="Sanity">
        <method signature="TC002_LoginTest.verify_login()[pri:0, instance:testCases.TC002_LoginTest@336f1079]" name="verify_login" class="testCases.TC002_LoginTest"/>
      </group> <!-- Sanity -->
      <group name="Regression">
        <method signature="TC001_AccountRegistrationTest.verfiy_account_resgistration()[pri:0, instance:testCases.TC001_AccountRegistrationTest@5812f68b]" name="verfiy_account_resgistration" class="testCases.TC001_AccountRegistrationTest"/>
      </group> <!-- Regression -->
    </groups>
    <test started-at="2025-04-28T08:48:50 IST" name="Test" finished-at="2025-04-28T08:49:03 IST" duration-ms="13018">
      <class name="testCases.TC002_LoginTest">
        <test-method is-config="true" signature="setUp(java.lang.String,java.lang.String)[pri:0, instance:testCases.TC002_LoginTest@336f1079]" started-at="2025-04-28T08:48:58 IST" name="setUp" finished-at="2025-04-28T08:49:01 IST" duration-ms="2976" status="PASS">
          <params>
            <param index="0">
              <value>
                <![CDATA[Windows]]>
              </value>
            </param>
            <param index="1">
              <value>
                <![CDATA[chrome]]>
              </value>
            </param>
          </params>
          <reporter-output>
          </reporter-output>
        </test-method> <!-- setUp -->
        <test-method signature="verify_login()[pri:0, instance:testCases.TC002_LoginTest@336f1079]" started-at="2025-04-28T08:49:01 IST" name="verify_login" finished-at="2025-04-28T08:49:03 IST" duration-ms="1924" status="PASS">
          <reporter-output>
          </reporter-output>
        </test-method> <!-- verify_login -->
        <test-method is-config="true" signature="tearDown()[pri:0, instance:testCases.TC002_LoginTest@336f1079]" started-at="2025-04-28T08:49:03 IST" name="tearDown" finished-at="2025-04-28T08:49:03 IST" duration-ms="222" status="PASS">
          <reporter-output>
          </reporter-output>
        </test-method> <!-- tearDown -->
      </class> <!-- testCases.TC002_LoginTest -->
      <class name="testCases.TC001_AccountRegistrationTest">
        <test-method is-config="true" signature="setUp(java.lang.String,java.lang.String)[pri:0, instance:testCases.TC001_AccountRegistrationTest@5812f68b]" started-at="2025-04-28T08:48:50 IST" name="setUp" finished-at="2025-04-28T08:48:55 IST" duration-ms="4549" status="PASS">
          <params>
            <param index="0">
              <value>
                <![CDATA[Windows]]>
              </value>
            </param>
            <param index="1">
              <value>
                <![CDATA[chrome]]>
              </value>
            </param>
          </params>
          <reporter-output>
          </reporter-output>
        </test-method> <!-- setUp -->
        <test-method signature="verfiy_account_resgistration()[pri:0, instance:testCases.TC001_AccountRegistrationTest@5812f68b]" started-at="2025-04-28T08:48:55 IST" name="verfiy_account_resgistration" finished-at="2025-04-28T08:48:58 IST" duration-ms="2871" status="PASS">
          <reporter-output>
          </reporter-output>
        </test-method> <!-- verfiy_account_resgistration -->
        <test-method is-config="true" signature="tearDown()[pri:0, instance:testCases.TC001_AccountRegistrationTest@5812f68b]" started-at="2025-04-28T08:48:58 IST" name="tearDown" finished-at="2025-04-28T08:48:58 IST" duration-ms="258" status="PASS">
          <reporter-output>
          </reporter-output>
        </test-method> <!-- tearDown -->
      </class> <!-- testCases.TC001_AccountRegistrationTest -->
    </test> <!-- Test -->
  </suite> <!-- Suite -->
</testng-results>
