<?xml version="1.0" encoding="UTF-8"?>
<testng-results ignored="1" total="3" passed="2" failed="0" skipped="0">
  <reporter-output>
  </reporter-output>
  <suite started-at="2025-04-26T16:03:05 IST" name="Suite" finished-at="2025-04-26T16:03:23 IST" duration-ms="18730">
    <groups>
      <group name="Master">
        <method signature="TC001_AccountRegistrationTest.verfiy_account_resgistration()[pri:0, instance:testCases.TC001_AccountRegistrationTest@76012793]" name="verfiy_account_resgistration" class="testCases.TC001_AccountRegistrationTest"/>
        <method signature="TC002_LoginTest.verify_login()[pri:0, instance:testCases.TC002_LoginTest@495b0487]" name="verify_login" class="testCases.TC002_LoginTest"/>
      </group> <!-- Master -->
      <group name="Sanity">
        <method signature="TC002_LoginTest.verify_login()[pri:0, instance:testCases.TC002_LoginTest@495b0487]" name="verify_login" class="testCases.TC002_LoginTest"/>
      </group> <!-- Sanity -->
      <group name="Regression">
        <method signature="TC001_AccountRegistrationTest.verfiy_account_resgistration()[pri:0, instance:testCases.TC001_AccountRegistrationTest@76012793]" name="verfiy_account_resgistration" class="testCases.TC001_AccountRegistrationTest"/>
      </group> <!-- Regression -->
    </groups>
    <test started-at="2025-04-26T16:03:05 IST" name="Test" finished-at="2025-04-26T16:03:23 IST" duration-ms="18730">
      <class name="testCases.TC002_LoginTest">
        <test-method is-config="true" signature="setUp(java.lang.String,java.lang.String)[pri:0, instance:testCases.TC002_LoginTest@495b0487]" started-at="2025-04-26T16:03:15 IST" name="setUp" finished-at="2025-04-26T16:03:20 IST" duration-ms="4334" status="PASS">
          <params>
            <param index="0">
              <value>
                <![CDATA[Windows]]>
              </value>
            </param>
            <param index="1">
              <value>
                <![CDATA[chrome]]>
              </value>
            </param>
          </params>
          <reporter-output>
          </reporter-output>
        </test-method> <!-- setUp -->
        <test-method signature="verify_login()[pri:0, instance:testCases.TC002_LoginTest@495b0487]" started-at="2025-04-26T16:03:20 IST" name="verify_login" finished-at="2025-04-26T16:03:23 IST" duration-ms="3168" status="PASS">
          <reporter-output>
          </reporter-output>
        </test-method> <!-- verify_login -->
        <test-method is-config="true" signature="tearDown()[pri:0, instance:testCases.TC002_LoginTest@495b0487]" started-at="2025-04-26T16:03:23 IST" name="tearDown" finished-at="2025-04-26T16:03:23 IST" duration-ms="376" status="PASS">
          <reporter-output>
          </reporter-output>
        </test-method> <!-- tearDown -->
      </class> <!-- testCases.TC002_LoginTest -->
      <class name="testCases.TC001_AccountRegistrationTest">
        <test-method is-config="true" signature="setUp(java.lang.String,java.lang.String)[pri:0, instance:testCases.TC001_AccountRegistrationTest@76012793]" started-at="2025-04-26T16:03:05 IST" name="setUp" finished-at="2025-04-26T16:03:11 IST" duration-ms="5867" status="PASS">
          <params>
            <param index="0">
              <value>
                <![CDATA[Windows]]>
              </value>
            </param>
            <param index="1">
              <value>
                <![CDATA[chrome]]>
              </value>
            </param>
          </params>
          <reporter-output>
          </reporter-output>
        </test-method> <!-- setUp -->
        <test-method signature="verfiy_account_resgistration()[pri:0, instance:testCases.TC001_AccountRegistrationTest@76012793]" started-at="2025-04-26T16:03:11 IST" name="verfiy_account_resgistration" finished-at="2025-04-26T16:03:15 IST" duration-ms="4230" status="PASS">
          <reporter-output>
          </reporter-output>
        </test-method> <!-- verfiy_account_resgistration -->
        <test-method is-config="true" signature="tearDown()[pri:0, instance:testCases.TC001_AccountRegistrationTest@76012793]" started-at="2025-04-26T16:03:15 IST" name="tearDown" finished-at="2025-04-26T16:03:15 IST" duration-ms="430" status="PASS">
          <reporter-output>
          </reporter-output>
        </test-method> <!-- tearDown -->
      </class> <!-- testCases.TC001_AccountRegistrationTest -->
    </test> <!-- Test -->
  </suite> <!-- Suite -->
</testng-results>
